import started Thu Apr  2 08:00:49 2026
import started Thu Apr  2 08:04:14 2026
asis /home/jlarose/Music/_staging/ytplxflac.3jupK4Z4/METAROOM/METAROOM DISCOG/01 - LOST&FOUND (w⧸ STARPIERCER & mafti).flac
asis /home/jlarose/Music/_staging/ytplxflac.3jupK4Z4/METAROOM/METAROOM DISCOG/02 - METAROOM - CURSE (Visualizer).flac
asis /home/jlarose/Music/_staging/ytplxflac.3jupK4Z4/METAROOM/METAROOM DISCOG/03 - METAROOM - ORCA (ENA： Dream BBQ OST) Visualizer.flac
asis /home/jlarose/Music/_staging/ytplxflac.3jupK4Z4/METAROOM/METAROOM DISCOG/04 - METAROOM - PURGE (ENA： Dream BBQ OST) Visualizer.flac
asis /home/jlarose/Music/_staging/ytplxflac.3jupK4Z4/METAROOM/METAROOM DISCOG/05 - metaroom - clay in water.flac
asis /home/jlarose/Music/_staging/ytplxflac.3jupK4Z4/METAROOM/METAROOM DISCOG/06 - ​ALGORITHM_ANGEL - (w⧸ AQUASINE & mafti).flac
asis /home/jlarose/Music/_staging/ytplxflac.3jupK4Z4/METAROOM/METAROOM DISCOG/07 - AETHER.ISO - METAROOM & AQUASINE.flac
asis /home/jlarose/Music/_staging/ytplxflac.3jupK4Z4/METAROOM/METAROOM DISCOG/08 - METAROOM - wisp synthesis.flac
asis /home/jlarose/Music/_staging/ytplxflac.3jupK4Z4/METAROOM/METAROOM DISCOG/09 - PARANOIA (Air Pawo).flac
asis /home/jlarose/Music/_staging/ytplxflac.3jupK4Z4/METAROOM/METAROOM DISCOG/10 - RORSCHACH.flac
asis /home/jlarose/Music/_staging/ytplxflac.3jupK4Z4/METAROOM/METAROOM DISCOG/11 - 7lane.flac
asis /home/jlarose/Music/_staging/ytplxflac.3jupK4Z4/METAROOM/METAROOM DISCOG/12 - METAROOM - JIVA (MV).flac
asis /home/jlarose/Music/_staging/ytplxflac.3jupK4Z4/METAROOM/METAROOM DISCOG/13 - METAROOM - OXIDIZED ARCHIVE (Full Album).flac
asis /home/jlarose/Music/_staging/ytplxflac.3jupK4Z4/METAROOM/METAROOM DISCOG/14 - CubeNatural & METAROOM - ready2flow.flac
asis /home/jlarose/Music/_staging/ytplxflac.3jupK4Z4/METAROOM/METAROOM DISCOG/15 - METAROOM - beeOS.flac
asis /home/jlarose/Music/_staging/ytplxflac.3jupK4Z4/METAROOM/METAROOM DISCOG/16 - Metaroom & Mafti - Tiny Life (Visualizer).flac
asis /home/jlarose/Music/_staging/ytplxflac.3jupK4Z4/METAROOM/METAROOM DISCOG/17 - METAROOM - EMBRYOGLYPH.flac
asis /home/jlarose/Music/_staging/ytplxflac.3jupK4Z4/METAROOM/METAROOM DISCOG/18 - METAROOM - SPIRAL (MUSIC VIDEO).flac
asis /home/jlarose/Music/_staging/ytplxflac.3jupK4Z4/METAROOM/METAROOM DISCOG/19 - METAROOM - TRASH CLAN.flac
asis /home/jlarose/Music/_staging/ytplxflac.3jupK4Z4/METAROOM/METAROOM DISCOG/20 - METAROOM - S.N.U.F.F.Y.flac
asis /home/jlarose/Music/_staging/ytplxflac.3jupK4Z4/METAROOM/METAROOM DISCOG/21 - METAROOM - DINKI THE STARGUIDE.flac
asis /home/jlarose/Music/_staging/ytplxflac.3jupK4Z4/METAROOM/METAROOM DISCOG/22 - METAROOM - GOD RACE (Temptation Stairway OST).flac
asis /home/jlarose/Music/_staging/ytplxflac.3jupK4Z4/METAROOM/METAROOM DISCOG/23 - METAROOM - PINK ORIGINS.flac
asis /home/jlarose/Music/_staging/ytplxflac.3jupK4Z4/METAROOM/METAROOM DISCOG/24 - METAROOM - METADATA.flac
asis /home/jlarose/Music/_staging/ytplxflac.3jupK4Z4/METAROOM/METAROOM DISCOG/25 - METAROOM & TELEMIST - DOG BUS.flac
asis /home/jlarose/Music/_staging/ytplxflac.3jupK4Z4/METAROOM/METAROOM DISCOG/26 - METAROOM - STICKER INVASION.flac
asis /home/jlarose/Music/_staging/ytplxflac.3jupK4Z4/METAROOM/METAROOM DISCOG/27 - STILL CRISP - CARLOT32 (METAROOM RMX).flac
asis /home/jlarose/Music/_staging/ytplxflac.3jupK4Z4/METAROOM/METAROOM DISCOG/28 - METAROOM - .ANGEL.flac
asis /home/jlarose/Music/_staging/ytplxflac.3jupK4Z4/METAROOM/METAROOM DISCOG/29 - METAROOM - Temptation Stairway (Waltz Variation).flac
asis /home/jlarose/Music/_staging/ytplxflac.3jupK4Z4/METAROOM/METAROOM DISCOG/30 - METAROOM - OUT OF CONTROL.flac
asis /home/jlarose/Music/_staging/ytplxflac.3jupK4Z4/METAROOM/METAROOM DISCOG/31 - METAROOM - STAR FACTORY.flac
asis /home/jlarose/Music/_staging/ytplxflac.3jupK4Z4/METAROOM/METAROOM DISCOG/32 - METAROOM - SPIKEY BOI.flac
asis /home/jlarose/Music/_staging/ytplxflac.3jupK4Z4/METAROOM/METAROOM DISCOG/35 - METAROOM - JITTER FANTA.flac
asis /home/jlarose/Music/_staging/ytplxflac.3jupK4Z4/METAROOM/METAROOM DISCOG/36 - METAROOM - THE BAD ROOM.flac
asis /home/jlarose/Music/_staging/ytplxflac.3jupK4Z4/METAROOM/METAROOM DISCOG/37 - METAROOM - Sorry.flac
asis /home/jlarose/Music/_staging/ytplxflac.3jupK4Z4/Nothing World/METAROOM DISCOG
import started Thu Apr  2 08:52:44 2026
asis /home/jlarose/Music/_staging/ytplxflac.rDxg2pNA/Gooseworx/Album - The Amazing Digital Circus (Original Pilot Soundtrack)
import started Thu Apr  2 09:26:38 2026
import started Thu Apr  2 09:30:29 2026
import started Thu Apr  2 09:31:54 2026
asis /home/jlarose/Music/_staging/ytplxflac.YIds23qU/Memescape - Topic/Album - The Amazing Digital Circus, Vol. 1
import started Thu Apr  2 09:33:46 2026
asis /home/jlarose/Music/_staging/ytplxflac.zLlKv6WO/Memescape - Topic/Album - The Amazing Digital Circus, Vol. 2
import started Thu Apr  2 09:35:25 2026
import started Thu Apr  2 09:36:42 2026
import started Thu Apr  2 09:38:29 2026
import started Thu Apr  2 09:41:47 2026
asis /home/jlarose/Music/_staging/ytplxflac.344nAHMU/SacriStuff - Topic/Album - Shut Up 1
import started Thu Apr  2 09:55:39 2026
asis /home/jlarose/Music/_staging/ytplxflac.wNSXsB1j/SacriStuff - Topic/Album - Boot Up 2
import started Thu Apr  2 09:57:51 2026
asis /home/jlarose/Music/_staging/ytplxflac.mjBbJumG/SacriStuff - Topic/Album - Evergreen
import started Thu Apr  2 10:00:02 2026
asis /home/jlarose/Music/_staging/ytplxflac.6uEqeYMc/SacriStuff - Topic/Album - ALARM
import started Thu Apr  2 10:01:30 2026
asis /home/jlarose/Music/_staging/ytplxflac.zrllndZw/SacriStuff - Topic/Album - Bowl of Semicolons
import started Thu Apr  2 10:33:00 2026
asis /home/jlarose/Music/_staging/ytplxflac.QnDO0ncw/SacriStuff - Topic/Album - It Goes Up
import started Thu Apr  2 10:34:16 2026
asis /home/jlarose/Music/_staging/ytplxflac.E8lmse6r/SacriStuff - Topic/Album - Super Boring Music
import started Thu Apr  2 10:35:32 2026
asis /home/jlarose/Music/_staging/ytplxflac.hzT64nZc/SacriStuff - Topic/Album - This Duck Stole My Car
import started Thu Apr  2 10:41:41 2026
asis /home/jlarose/Music/_staging/ytplxflac.YMp7fUSa/SacriStuff - Topic/Album - Obsolete Battle Show Original Soundtrack, Vol. 2
import started Thu Apr  2 10:43:04 2026
asis /home/jlarose/Music/_staging/ytplxflac.CoeWfvxL/SacriStuff - Topic/Album - Wacky Worlds
import started Thu Apr  2 10:45:22 2026
asis /home/jlarose/Music/_staging/ytplxflac.JZHYj863/SacriStuff - Topic/Album - Obsolete Battle Show Original Soundtrack, Vol. 1
import started Thu Apr  2 10:48:06 2026
asis /home/jlarose/Music/_staging/ytplxflac.UtBN493U/SacriStuff - Topic/Album - Rotation
import started Thu Apr  2 10:49:06 2026
asis /home/jlarose/Music/_staging/ytplxflac.wwDd6VZd/SacriStuff - Topic/Album - Lost & Found
import started Thu Apr  2 10:50:11 2026
asis /home/jlarose/Music/_staging/ytplxflac.wYqt7dHA/SacriStuff - Topic/Album - Plums for the Road
import started Thu Apr  2 10:51:02 2026
asis /home/jlarose/Music/_staging/ytplxflac.EbIwYZa5/SacriStuff - Topic/Album - Pluto Will Destroy Everything
import started Thu Apr  2 10:51:49 2026
asis /home/jlarose/Music/_staging/ytplxflac.Qq9QfFFR/SacriStuff - Topic/Album - Confetti Flower
import started Thu Apr  2 10:54:52 2026
asis /home/jlarose/Music/_staging/ytplxflac.dYmJkqr5/SacriStuff - Topic/Album - SILLYSTRUNG
import started Thu Apr  2 10:56:04 2026
asis /home/jlarose/Music/_staging/ytplxflac.VAJv4p68/SacriStuff - Topic/Album - the collection
import started Thu Apr  2 11:37:03 2026
asis /home/jlarose/Music/_staging/ytplxflac.QXzKZD7H/Kyle Allen Music/KYLE ALLEN MUSIC
import started Thu Apr  2 11:52:38 2026
asis /home/jlarose/Music/_staging/ytplxflac.0ohXNtgK/Glorb/SpongeGang
asis /home/jlarose/Music/_staging/ytplxflac.0ohXNtgK/NawnSense! - Topic/SpongeGang
